-------------------------------------------------------------------------------
Test set: com.helphalf.quickbook.QuickbookApplicationTests
-------------------------------------------------------------------------------
Tests run: 1, Failures: 0, Errors: 1, Skipped: 0, Time elapsed: 2.198 s <<< FAILURE! - in com.helphalf.quickbook.QuickbookApplicationTests
contextLoads  Time elapsed: 0.001 s  <<< ERROR!
java.lang.IllegalStateException: Failed to load ApplicationContext
Caused by: org.springframework.beans.factory.BeanCreationException: Error creating bean with name 'queryAccount' defined in class path resource [com/helphalf/quickbook/entities/account/AccountQuery.class]: Bean instantiation via factory method failed; nested exception is org.springframework.beans.BeanInstantiationException: Failed to instantiate [java.lang.String]: Factory method 'queryAccount' threw exception; nested exception is java.lang.NullPointerException
Caused by: org.springframework.beans.BeanInstantiationException: Failed to instantiate [java.lang.String]: Factory method 'queryAccount' threw exception; nested exception is java.lang.NullPointerException
Caused by: java.lang.NullPointerException

